<?xml version="1.0" encoding="UTF-8"?>
<testng-results ignored="0" total="3" passed="2" failed="1" skipped="0">
  <reporter-output>
  </reporter-output>
  <suite started-at="2022-07-15T17:14:25 IST" name="Suite" finished-at="2022-07-15T17:14:55 IST" duration-ms="29936">
    <groups>
    </groups>
    <test started-at="2022-07-15T17:14:25 IST" name="Run Home Page" finished-at="2022-07-15T17:14:49 IST" duration-ms="24398">
      <class name="academy.homePage">
        <test-method is-config="true" signature="initialize()[pri:0, instance:academy.homePage@3af0a9da]" started-at="2022-07-15T17:14:25 IST" name="initialize" finished-at="2022-07-15T17:14:27 IST" duration-ms="1809" status="PASS">
          <reporter-output>
          </reporter-output>
        </test-method> <!-- initialize -->
        <test-method signature="checkbroswerInitialization(java.lang.String,java.lang.String,java.lang.String)[pri:0, instance:academy.homePage@3af0a9da]" started-at="2022-07-15T17:14:27 IST" name="checkbroswerInitialization" data-provider="getData" finished-at="2022-07-15T17:14:39 IST" duration-ms="12296" status="PASS">
          <params>
            <param index="0">
              <value>
                <![CDATA[non-restricted@qw.com]]>
              </value>
            </param>
            <param index="1">
              <value>
                <![CDATA[123456]]>
              </value>
            </param>
            <param index="2">
              <value>
                <![CDATA[non- restricted user]]>
              </value>
            </param>
          </params>
          <reporter-output>
          </reporter-output>
        </test-method> <!-- checkbroswerInitialization -->
        <test-method signature="checkbroswerInitialization(java.lang.String,java.lang.String,java.lang.String)[pri:0, instance:academy.homePage@3af0a9da]" started-at="2022-07-15T17:14:39 IST" name="checkbroswerInitialization" data-provider="getData" finished-at="2022-07-15T17:14:49 IST" duration-ms="10169" status="PASS">
          <params>
            <param index="0">
              <value>
                <![CDATA[restricted@qw.com]]>
              </value>
            </param>
            <param index="1">
              <value>
                <![CDATA[456789]]>
              </value>
            </param>
            <param index="2">
              <value>
                <![CDATA[restricted user]]>
              </value>
            </param>
          </params>
          <reporter-output>
          </reporter-output>
        </test-method> <!-- checkbroswerInitialization -->
        <test-method is-config="true" signature="closeBrowser()[pri:0, instance:academy.homePage@3af0a9da]" started-at="2022-07-15T17:14:49 IST" name="closeBrowser" finished-at="2022-07-15T17:14:49 IST" duration-ms="82" status="PASS">
          <reporter-output>
          </reporter-output>
        </test-method> <!-- closeBrowser -->
      </class> <!-- academy.homePage -->
    </test> <!-- Run Home Page -->
    <test started-at="2022-07-15T17:14:25 IST" name="Run ValidateNavigationBar" finished-at="2022-07-15T17:14:55 IST" duration-ms="29936">
      <class name="academy.ValidateNavigationBar">
        <test-method is-config="true" signature="initialize()[pri:0, instance:academy.ValidateNavigationBar@327bcebd]" started-at="2022-07-15T17:14:25 IST" name="initialize" finished-at="2022-07-15T17:14:54 IST" duration-ms="29283" status="PASS">
          <reporter-output>
          </reporter-output>
        </test-method> <!-- initialize -->
        <test-method signature="basePageNavigation()[pri:0, instance:academy.ValidateNavigationBar@327bcebd]" started-at="2022-07-15T17:14:54 IST" name="basePageNavigation" finished-at="2022-07-15T17:14:54 IST" duration-ms="25" status="FAIL">
          <exception class="java.lang.AssertionError">
            <message>
              <![CDATA[expected [FEATURED COURSE.S] but found [FEATURED COURSES]]]>
            </message>
            <full-stacktrace>
              <![CDATA[java.lang.AssertionError: expected [FEATURED COURSE.S] but found [FEATURED COURSES]
at org.testng.Assert.fail(Assert.java:99)
at org.testng.Assert.failNotEquals(Assert.java:1037)
at org.testng.Assert.assertEqualsImpl(Assert.java:140)
at org.testng.Assert.assertEquals(Assert.java:122)
at org.testng.Assert.assertEquals(Assert.java:629)
at org.testng.Assert.assertEquals(Assert.java:639)
at academy.ValidateNavigationBar.basePageNavigation(ValidateNavigationBar.java:34)
at java.base/jdk.internal.reflect.NativeMethodAccessorImpl.invoke0(Native Method)
at java.base/jdk.internal.reflect.NativeMethodAccessorImpl.invoke(NativeMethodAccessorImpl.java:78)
at java.base/jdk.internal.reflect.DelegatingMethodAccessorImpl.invoke(DelegatingMethodAccessorImpl.java:43)
at java.base/java.lang.reflect.Method.invoke(Method.java:567)
at org.testng.internal.MethodInvocationHelper.invokeMethod(MethodInvocationHelper.java:133)
at org.testng.internal.TestInvoker.invokeMethod(TestInvoker.java:598)
at org.testng.internal.TestInvoker.invokeTestMethod(TestInvoker.java:173)
at org.testng.internal.MethodRunner.runInSequence(MethodRunner.java:46)
at org.testng.internal.TestInvoker$MethodInvocationAgent.invoke(TestInvoker.java:824)
at org.testng.internal.TestInvoker.invokeTestMethods(TestInvoker.java:146)
at org.testng.internal.TestMethodWorker.invokeTestMethods(TestMethodWorker.java:146)
at org.testng.internal.TestMethodWorker.run(TestMethodWorker.java:128)
at java.base/java.util.ArrayList.forEach(ArrayList.java:1511)
at org.testng.TestRunner.privateRun(TestRunner.java:794)
at org.testng.TestRunner.run(TestRunner.java:596)
at org.testng.SuiteRunner.runTest(SuiteRunner.java:377)
at org.testng.SuiteRunner.access$000(SuiteRunner.java:28)
at org.testng.SuiteRunner$SuiteWorker.run(SuiteRunner.java:418)
at org.testng.internal.thread.ThreadUtil.lambda$execute$0(ThreadUtil.java:64)
at java.base/java.util.concurrent.FutureTask.run(FutureTask.java:264)
at java.base/java.util.concurrent.ThreadPoolExecutor.runWorker(ThreadPoolExecutor.java:1130)
at java.base/java.util.concurrent.ThreadPoolExecutor$Worker.run(ThreadPoolExecutor.java:630)
at java.base/java.lang.Thread.run(Thread.java:831)
]]>
            </full-stacktrace>
          </exception> <!-- java.lang.AssertionError -->
          <reporter-output>
          </reporter-output>
        </test-method> <!-- basePageNavigation -->
        <test-method is-config="true" signature="closeBrowser()[pri:0, instance:academy.ValidateNavigationBar@327bcebd]" started-at="2022-07-15T17:14:55 IST" name="closeBrowser" finished-at="2022-07-15T17:14:55 IST" duration-ms="74" status="PASS">
          <reporter-output>
          </reporter-output>
        </test-method> <!-- closeBrowser -->
      </class> <!-- academy.ValidateNavigationBar -->
    </test> <!-- Run ValidateNavigationBar -->
  </suite> <!-- Suite -->
</testng-results>
